<?xml version="1.0" encoding="UTF-8"?>
<!-- Generated by org.testng.reporters.JUnitReportReporter -->
<testsuite hostname="welcoe-PC" name="SampleJune17.Traione" tests="6" failures="0" timestamp="18 Jun 2021 12:09:13 GMT" time="0.063" errors="0">
  <testcase name="tc4" time="0.000" classname="SampleJune17.Traione"/>
  <testcase name="tc5" time="0.000" classname="SampleJune17.Traione"/>
  <testcase name="tc2" time="0.063" classname="SampleJune17.Traione"/>
  <testcase name="tc3" time="0.000" classname="SampleJune17.Traione"/>
  <testcase name="tc0" time="0.000" classname="SampleJune17.Traione"/>
  <testcase name="tc1" time="0.000" classname="SampleJune17.Traione"/>
</testsuite> <!-- SampleJune17.Traione -->
