<?xml version="1.0" encoding="UTF-8"?>
<!-- Generated by org.testng.reporters.JUnitReportReporter -->
<testsuite hostname="welcoe-PC" name="SampleJune17.Trialone" tests="2" failures="0" timestamp="18 Jun 2021 05:25:13 GMT" time="0.088" errors="0">
  <testcase name="tc5" time="0.003" classname="SampleJune17.Trialone"/>
  <testcase name="tc3" time="0.085" classname="SampleJune17.Trialone"/>
</testsuite> <!-- SampleJune17.Trialone -->
