<?xml version="1.0" encoding="UTF-8"?>
<!-- Generated by org.testng.reporters.JUnitReportReporter -->
<testsuite hostname="welcoe-PC" name="SampleJune14.Test1" tests="5" failures="0" timestamp="23 Jun 2021 07:28:48 GMT" time="0.049" errors="0">
  <testcase name="tc3" time="0.002" classname="SampleJune14.Test1"/>
  <testcase name="tc1" time="0.003" classname="SampleJune14.Test1"/>
  <testcase name="tc4" time="0.002" classname="SampleJune14.Test1"/>
  <testcase name="tc2" time="0.002" classname="SampleJune14.Test1"/>
  <testcase name="tc0" time="0.040" classname="SampleJune14.Test1"/>
</testsuite> <!-- SampleJune14.Test1 -->
