<?xml version="1.0" encoding="UTF-8"?>
<!-- Generated by org.testng.reporters.JUnitReportReporter -->
<testsuite hostname="welcoe-PC" name="SampleJune12.SampleTestNGThree" tests="14" failures="0" timestamp="18 Jun 2021 06:43:44 GMT" time="0.193" errors="0">
  <testcase name="tc0" time="0.003" classname="SampleJune12.SampleTestNGThree"/>
  <testcase name="tc2" time="0.120" classname="SampleJune12.SampleTestNGThree"/>
  <testcase name="tc3" time="0.007" classname="SampleJune12.SampleTestNGThree"/>
  <testcase name="tc3" time="0.002" classname="SampleJune12.SampleTestNGThree"/>
  <testcase name="tc3" time="0.003" classname="SampleJune12.SampleTestNGThree"/>
  <testcase name="tc1" time="0.003" classname="SampleJune12.SampleTestNGThree"/>
  <testcase name="tc3" time="0.002" classname="SampleJune12.SampleTestNGThree"/>
  <testcase name="tc3" time="0.003" classname="SampleJune12.SampleTestNGThree"/>
  <testcase name="tc3" time="0.013" classname="SampleJune12.SampleTestNGThree"/>
  <testcase name="tc3" time="0.003" classname="SampleJune12.SampleTestNGThree"/>
  <testcase name="tc4" time="0.006" classname="SampleJune12.SampleTestNGThree"/>
  <testcase name="tc3" time="0.004" classname="SampleJune12.SampleTestNGThree"/>
  <testcase name="tc3" time="0.008" classname="SampleJune12.SampleTestNGThree"/>
  <testcase name="tc3" time="0.016" classname="SampleJune12.SampleTestNGThree"/>
</testsuite> <!-- SampleJune12.SampleTestNGThree -->
