<?xml version="1.0" encoding="UTF-8"?>
<!-- Generated by org.testng.reporters.JUnitReportReporter -->
<testsuite hostname="welcoe-PC" name="SampleJune21.Test3" tests="6" failures="0" timestamp="23 Jun 2021 07:19:17 GMT" time="0.112" errors="0">
  <testcase name="tc21" time="0.026" classname="SampleJune21.Test3"/>
  <testcase name="tc23" time="0.002" classname="SampleJune21.Test3"/>
  <testcase name="tc22" time="0.003" classname="SampleJune21.Test3"/>
  <testcase name="tc24" time="0.003" classname="SampleJune21.Test3"/>
  <testcase name="tc20" time="0.076" classname="SampleJune21.Test3"/>
  <testcase name="tc25" time="0.002" classname="SampleJune21.Test3"/>
</testsuite> <!-- SampleJune21.Test3 -->
