<?xml version="1.0" encoding="UTF-8"?>
<!-- Generated by org.testng.reporters.JUnitReportReporter -->
<testsuite hostname="welcoe-PC" name="SampleJune15.TrailTwo" tests="3" failures="0" timestamp="25 Jun 2021 05:47:32 GMT" time="0.093" errors="0">
  <testcase name="tc0" time="0.000" classname="SampleJune15.TrailTwo"/>
  <testcase name="tc0" time="0.078" classname="SampleJune15.TrailTwo"/>
  <testcase name="tc0" time="0.015" classname="SampleJune15.TrailTwo"/>
</testsuite> <!-- SampleJune15.TrailTwo -->
