<?xml version="1.0" encoding="UTF-8"?>
<!-- Generated by org.testng.reporters.JUnitReportReporter -->
<testsuite hostname="welcoe-PC" name="SampleJune18.TrailTwo" tests="6" failures="0" timestamp="18 Jun 2021 12:09:13 GMT" time="0.032" errors="0">
  <testcase name="tc1" time="0.016" classname="SampleJune18.TrailTwo"/>
  <testcase name="tc5" time="0.000" classname="SampleJune18.TrailTwo"/>
  <testcase name="tc2" time="0.000" classname="SampleJune18.TrailTwo"/>
  <testcase name="tc4" time="0.000" classname="SampleJune18.TrailTwo"/>
  <testcase name="tc3" time="0.000" classname="SampleJune18.TrailTwo"/>
  <testcase name="tc0" time="0.016" classname="SampleJune18.TrailTwo"/>
</testsuite> <!-- SampleJune18.TrailTwo -->
