<?xml version="1.0" encoding="UTF-8"?>
<!-- Generated by org.testng.reporters.JUnitReportReporter -->
<testsuite hostname="welcoe-PC" name="SampleJune16.Testngsamplejune16two" tests="2" failures="0" timestamp="28 Jun 2021 06:24:19 GMT" time="0.122" errors="0">
  <testcase name="tc0" time="0.111" classname="SampleJune16.Testngsamplejune16two"/>
  <testcase name="tc1" time="0.011" classname="SampleJune16.Testngsamplejune16two"/>
</testsuite> <!-- SampleJune16.Testngsamplejune16two -->
