<?xml version="1.0" encoding="UTF-8"?>
<!-- Generated by org.testng.reporters.JUnitReportReporter -->
<testsuite hostname="welcoe-PC" name="SampleJune21.Test2" tests="6" failures="0" timestamp="23 Jun 2021 07:19:17 GMT" time="0.092" errors="0">
  <testcase name="tc10" time="0.049" classname="SampleJune21.Test2"/>
  <testcase name="tc13" time="0.028" classname="SampleJune21.Test2"/>
  <testcase name="tc15" time="0.002" classname="SampleJune21.Test2"/>
  <testcase name="tc12" time="0.002" classname="SampleJune21.Test2"/>
  <testcase name="tc14" time="0.003" classname="SampleJune21.Test2"/>
  <testcase name="tc11" time="0.008" classname="SampleJune21.Test2"/>
</testsuite> <!-- SampleJune21.Test2 -->
