<?xml version="1.0" encoding="UTF-8"?>
<!-- Generated by org.testng.reporters.JUnitReportReporter -->
<testsuite hostname="welcoe-PC" name="FrameWork.Testngsamplejune17two" tests="2" failures="0" timestamp="17 Jun 2021 07:36:02 GMT" time="0.058" errors="0">
  <testcase name="tc0" time="0.051" classname="FrameWork.Testngsamplejune17two"/>
  <testcase name="tc1" time="0.007" classname="FrameWork.Testngsamplejune17two"/>
</testsuite> <!-- FrameWork.Testngsamplejune17two -->
