<?xml version="1.0" encoding="UTF-8"?>
<!-- Generated by org.testng.reporters.JUnitReportReporter -->
<testsuite hostname="welcoe-PC" name="SampleJune12.SampleTestNGTwo" tests="5" failures="0" timestamp="18 Jun 2021 06:39:55 GMT" time="0.040" errors="0">
  <testcase name="tc2" time="0.002" classname="SampleJune12.SampleTestNGTwo"/>
  <testcase name="tc1" time="0.003" classname="SampleJune12.SampleTestNGTwo"/>
  <testcase name="tc3" time="0.030" classname="SampleJune12.SampleTestNGTwo"/>
  <testcase name="tc4" time="0.003" classname="SampleJune12.SampleTestNGTwo"/>
  <testcase name="tc0" time="0.002" classname="SampleJune12.SampleTestNGTwo"/>
</testsuite> <!-- SampleJune12.SampleTestNGTwo -->
