<?xml version="1.0" encoding="UTF-8"?>
<!-- Generated by org.testng.reporters.JUnitReportReporter -->
<testsuite hostname="welcoe-PC" name="SampleJune14.Trail4" tests="5" failures="0" timestamp="23 Jun 2021 07:44:13 GMT" time="0.070" errors="0">
  <testcase name="tc10" time="0.041" classname="SampleJune14.Trail4"/>
  <testcase name="tc12" time="0.010" classname="SampleJune14.Trail4"/>
  <testcase name="tc11" time="0.009" classname="SampleJune14.Trail4"/>
  <testcase name="tc13" time="0.003" classname="SampleJune14.Trail4"/>
  <testcase name="tc14" time="0.007" classname="SampleJune14.Trail4"/>
</testsuite> <!-- SampleJune14.Trail4 -->
