<?xml version="1.0" encoding="UTF-8"?>
<!-- Generated by org.testng.reporters.JUnitReportReporter -->
<testsuite hostname="welcoe-PC" name="SampleJune22.TrailTest2" tests="1" failures="0" timestamp="23 Jun 2021 04:42:14 GMT" time="81.157" errors="0">
  <testcase name="beforeclass" time="81.157" classname="SampleJune22.TrailTest2"/>
</testsuite> <!-- SampleJune22.TrailTest2 -->
