<?xml version="1.0" encoding="UTF-8"?>
<!-- Generated by org.testng.reporters.JUnitReportReporter -->
<testsuite hostname="welcoe-PC" name="SampleJune14.Trail3" tests="5" failures="0" timestamp="23 Jun 2021 07:34:49 GMT" time="0.071" errors="0">
  <testcase name="tc11" time="0.008" classname="SampleJune14.Trail3"/>
  <testcase name="tc12" time="0.007" classname="SampleJune14.Trail3"/>
  <testcase name="tc10" time="0.037" classname="SampleJune14.Trail3"/>
  <testcase name="tc13" time="0.008" classname="SampleJune14.Trail3"/>
  <testcase name="tc14" time="0.011" classname="SampleJune14.Trail3"/>
</testsuite> <!-- SampleJune14.Trail3 -->
