<?xml version="1.0" encoding="UTF-8"?>
<!-- Generated by org.testng.reporters.JUnitReportReporter -->
<testsuite hostname="welcoe-PC" name="SampleJune14.Test2" tests="5" failures="0" timestamp="23 Jun 2021 07:28:48 GMT" time="0.011" errors="0">
  <testcase name="tc10" time="0.002" classname="SampleJune14.Test2"/>
  <testcase name="tc13" time="0.002" classname="SampleJune14.Test2"/>
  <testcase name="tc11" time="0.002" classname="SampleJune14.Test2"/>
  <testcase name="tc14" time="0.003" classname="SampleJune14.Test2"/>
  <testcase name="tc12" time="0.002" classname="SampleJune14.Test2"/>
</testsuite> <!-- SampleJune14.Test2 -->
