<?xml version="1.0" encoding="UTF-8"?>
<!-- Generated by org.testng.reporters.JUnitReportReporter -->
<testsuite hostname="welcoe-PC" name="FrameWork.SampleTestNG" tests="1" failures="0" timestamp="18 Jun 2021 06:33:41 GMT" time="0.013" errors="0">
  <testcase name="tcc0" time="0.013" classname="FrameWork.SampleTestNG"/>
</testsuite> <!-- FrameWork.SampleTestNG -->
